<?xml version='1.0' encoding='UTF-8'?>
<testsuite hostname="raju-pc" name="edu.hcu.rest_api.PdfRepositoryTest" tests="5" errors="0" failures="2" skipped="0" time="0.562" timestamp="2019-02-14T18:36:57">
                     <properties>
[...]
</properties>
                     <testcase classname="edu.hcu.rest_api.PdfRepositoryTest" name="Save pdf data" time="0.082">
                                                 
                                               </testcase><testcase classname="edu.hcu.rest_api.PdfRepositoryTest" name="Update Pdf" time="0.182">
                                                 <failure message="Table 'regex_assignment.FileData' doesn't exist" type="com.mysql.jdbc.exceptions.jdbc4.MySQLSyntaxErrorException">com.mysql.jdbc.exceptions.jdbc4.MySQLSyntaxErrorException: Table 'regex_assignment.FileData' doesn't exist
	at sun.reflect.NativeConstructorAccessorImpl.newInstance0(Native Method)
	at sun.reflect.NativeConstructorAccessorImpl.newInstance(NativeConstructorAccessorImpl.java:62)
	at sun.reflect.DelegatingConstructorAccessorImpl.newInstance(DelegatingConstructorAccessorImpl.java:45)
	at java.lang.reflect.Constructor.newInstance(Constructor.java:423)
	at com.mysql.jdbc.Util.handleNewInstance(Util.java:400)
	at com.mysql.jdbc.Util.getInstance(Util.java:383)
	at com.mysql.jdbc.SQLError.createSQLException(SQLError.java:980)
	at com.mysql.jdbc.MysqlIO.checkErrorPacket(MysqlIO.java:3847)
	at com.mysql.jdbc.MysqlIO.checkErrorPacket(MysqlIO.java:3783)
	at com.mysql.jdbc.MysqlIO.sendCommand(MysqlIO.java:2447)
	at com.mysql.jdbc.MysqlIO.sqlQueryDirect(MysqlIO.java:2594)
	at com.mysql.jdbc.ConnectionImpl.execSQL(ConnectionImpl.java:2545)
	at com.mysql.jdbc.PreparedStatement.executeInternal(PreparedStatement.java:1901)
	at com.mysql.jdbc.PreparedStatement.executeUpdate(PreparedStatement.java:2113)
	at com.mysql.jdbc.PreparedStatement.executeUpdate(PreparedStatement.java:2049)
	at com.mysql.jdbc.PreparedStatement.executeUpdate(PreparedStatement.java:2034)
	at slick.jdbc.LoggingPreparedStatement$$anonfun$executeUpdate$5.apply$mcI$sp(LoggingStatement.scala:85)
	at slick.jdbc.LoggingPreparedStatement$$anonfun$executeUpdate$5.apply(LoggingStatement.scala:85)
	at slick.jdbc.LoggingPreparedStatement$$anonfun$executeUpdate$5.apply(LoggingStatement.scala:85)
	at slick.jdbc.LoggingStatement.logged(LoggingStatement.scala:16)
	at slick.jdbc.LoggingPreparedStatement.executeUpdate(LoggingStatement.scala:85)
	at slick.driver.JdbcActionComponent$UpdateActionExtensionMethodsImpl$$anon$7$$anonfun$7.apply(JdbcActionComponent.scala:322)
	at slick.driver.JdbcActionComponent$UpdateActionExtensionMethodsImpl$$anon$7$$anonfun$7.apply(JdbcActionComponent.scala:318)
	at slick.jdbc.JdbcBackend$SessionDef$class.withPreparedStatement(JdbcBackend.scala:347)
	at slick.jdbc.JdbcBackend$BaseSession.withPreparedStatement(JdbcBackend.scala:407)
	at slick.driver.JdbcActionComponent$UpdateActionExtensionMethodsImpl$$anon$7.run(JdbcActionComponent.scala:318)
	at slick.driver.JdbcActionComponent$UpdateActionExtensionMethodsImpl$$anon$7.run(JdbcActionComponent.scala:317)
	at slick.driver.JdbcActionComponent$SimpleJdbcDriverAction.run(JdbcActionComponent.scala:32)
	at slick.driver.JdbcActionComponent$SimpleJdbcDriverAction.run(JdbcActionComponent.scala:29)
	at slick.backend.DatabaseComponent$DatabaseDef$$anon$2.liftedTree1$1(DatabaseComponent.scala:237)
	at slick.backend.DatabaseComponent$DatabaseDef$$anon$2.run(DatabaseComponent.scala:237)
	at java.util.concurrent.ThreadPoolExecutor.runWorker(ThreadPoolExecutor.java:1149)
	at java.util.concurrent.ThreadPoolExecutor$Worker.run(ThreadPoolExecutor.java:624)
	at java.lang.Thread.run(Thread.java:748)
</failure>
                                               </testcase><testcase classname="edu.hcu.rest_api.PdfRepositoryTest" name="Delete Pdf" time="0.096">
                                                 
                                               </testcase><testcase classname="edu.hcu.rest_api.PdfRepositoryTest" name="Get Pdf By Id" time="0.099">
                                                 <failure message="Some(FileData(This pdf content will always be available in rest Services test cases,Some(1))) did not equal Some(FileData(This pdf content will always be available in all the test cases,Some(1)))" type="org.scalatest.exceptions.TestFailedException">org.scalatest.exceptions.TestFailedException: Some(FileData(This pdf content will always be available in rest Services test cases,Some(1))) did not equal Some(FileData(This pdf content will always be available in all the test cases,Some(1)))
	at org.scalatest.Assertions$class.newAssertionFailedException(Assertions.scala:528)
	at org.scalatest.FunSuite.newAssertionFailedException(FunSuite.scala:1560)
	at org.scalatest.Assertions$AssertionsHelper.macroAssert(Assertions.scala:501)
	at edu.hcu.rest_api.PdfRepositoryTest$$anonfun$6.apply(PdfRepositoryTest.scala:59)
	at edu.hcu.rest_api.PdfRepositoryTest$$anonfun$6.apply(PdfRepositoryTest.scala:56)
	at org.scalatest.OutcomeOf$class.outcomeOf(OutcomeOf.scala:85)
	at org.scalatest.OutcomeOf$.outcomeOf(OutcomeOf.scala:104)
	at org.scalatest.Transformer.apply(Transformer.scala:22)
	at org.scalatest.Transformer.apply(Transformer.scala:20)
	at org.scalatest.FunSuiteLike$$anon$1.apply(FunSuiteLike.scala:186)
	at org.scalatest.TestSuite$class.withFixture(TestSuite.scala:196)
	at org.scalatest.FunSuite.withFixture(FunSuite.scala:1560)
	at org.scalatest.FunSuiteLike$class.invokeWithFixture$1(FunSuiteLike.scala:183)
	at org.scalatest.FunSuiteLike$$anonfun$runTest$1.apply(FunSuiteLike.scala:196)
	at org.scalatest.FunSuiteLike$$anonfun$runTest$1.apply(FunSuiteLike.scala:196)
	at org.scalatest.SuperEngine.runTestImpl(Engine.scala:289)
	at org.scalatest.FunSuiteLike$class.runTest(FunSuiteLike.scala:196)
	at edu.hcu.rest_api.PdfRepositoryTest.org$scalatest$BeforeAndAfter$$super$runTest(PdfRepositoryTest.scala:11)
	at org.scalatest.BeforeAndAfter$class.runTest(BeforeAndAfter.scala:203)
	at edu.hcu.rest_api.PdfRepositoryTest.runTest(PdfRepositoryTest.scala:11)
	at org.scalatest.FunSuiteLike$$anonfun$runTests$1.apply(FunSuiteLike.scala:229)
	at org.scalatest.FunSuiteLike$$anonfun$runTests$1.apply(FunSuiteLike.scala:229)
	at org.scalatest.SuperEngine$$anonfun$traverseSubNodes$1$1.apply(Engine.scala:396)
	at org.scalatest.SuperEngine$$anonfun$traverseSubNodes$1$1.apply(Engine.scala:384)
	at scala.collection.immutable.List.foreach(List.scala:381)
	at org.scalatest.SuperEngine.traverseSubNodes$1(Engine.scala:384)
	at org.scalatest.SuperEngine.org$scalatest$SuperEngine$$runTestsInBranch(Engine.scala:379)
	at org.scalatest.SuperEngine.runTestsImpl(Engine.scala:461)
	at org.scalatest.FunSuiteLike$class.runTests(FunSuiteLike.scala:229)
	at org.scalatest.FunSuite.runTests(FunSuite.scala:1560)
	at org.scalatest.Suite$class.run(Suite.scala:1147)
	at org.scalatest.FunSuite.org$scalatest$FunSuiteLike$$super$run(FunSuite.scala:1560)
	at org.scalatest.FunSuiteLike$$anonfun$run$1.apply(FunSuiteLike.scala:233)
	at org.scalatest.FunSuiteLike$$anonfun$run$1.apply(FunSuiteLike.scala:233)
	at org.scalatest.SuperEngine.runImpl(Engine.scala:521)
	at org.scalatest.FunSuiteLike$class.run(FunSuiteLike.scala:233)
	at edu.hcu.rest_api.PdfRepositoryTest.org$scalatest$BeforeAndAfter$$super$run(PdfRepositoryTest.scala:11)
	at org.scalatest.BeforeAndAfter$class.run(BeforeAndAfter.scala:258)
	at edu.hcu.rest_api.PdfRepositoryTest.run(PdfRepositoryTest.scala:11)
	at org.scalatest.tools.Framework.org$scalatest$tools$Framework$$runSuite(Framework.scala:314)
	at org.scalatest.tools.Framework$ScalaTestTask.execute(Framework.scala:480)
	at sbt.TestRunner.runTest$1(TestFramework.scala:113)
	at sbt.TestRunner.run(TestFramework.scala:124)
	at sbt.TestFramework$$anon$2$$anonfun$$lessinit$greater$1.$anonfun$apply$1(TestFramework.scala:282)
	at sbt.TestFramework$.sbt$TestFramework$$withContextLoader(TestFramework.scala:246)
	at sbt.TestFramework$$anon$2$$anonfun$$lessinit$greater$1.apply(TestFramework.scala:282)
	at sbt.TestFramework$$anon$2$$anonfun$$lessinit$greater$1.apply(TestFramework.scala:282)
	at sbt.TestFunction.apply(TestFramework.scala:294)
	at sbt.Tests$.$anonfun$toTask$1(Tests.scala:309)
	at sbt.std.Transform$$anon$3.$anonfun$apply$2(System.scala:46)
	at sbt.std.Transform$$anon$4.work(System.scala:67)
	at sbt.Execute.$anonfun$submit$2(Execute.scala:269)
	at sbt.internal.util.ErrorHandling$.wideConvert(ErrorHandling.scala:16)
	at sbt.Execute.work(Execute.scala:278)
	at sbt.Execute.$anonfun$submit$1(Execute.scala:269)
	at sbt.ConcurrentRestrictions$$anon$4.$anonfun$submitValid$1(ConcurrentRestrictions.scala:178)
	at sbt.CompletionService$$anon$2.call(CompletionService.scala:37)
	at java.util.concurrent.FutureTask.run(FutureTask.java:266)
	at java.util.concurrent.Executors$RunnableAdapter.call(Executors.java:511)
	at java.util.concurrent.FutureTask.run(FutureTask.java:266)
	at java.util.concurrent.ThreadPoolExecutor.runWorker(ThreadPoolExecutor.java:1149)
	at java.util.concurrent.ThreadPoolExecutor$Worker.run(ThreadPoolExecutor.java:624)
	at java.lang.Thread.run(Thread.java:748)
</failure>
                                               </testcase><testcase classname="edu.hcu.rest_api.PdfRepositoryTest" name="Get All The Pdfs" time="0.103">
                                                 
                                               </testcase>
                     <system-out><![CDATA[]]></system-out>
                     <system-err><![CDATA[]]></system-err>
                   </testsuite>