<?xml version='1.0' encoding='UTF-8'?>
<testsuite hostname="raju-pc" name="edu.hcu.rest_api.RestServicesTest" tests="5" errors="0" failures="1" skipped="0" time="1.092" timestamp="2019-02-14T18:36:57">
                     <properties>
[...]
</properties>
                     <testcase classname="edu.hcu.rest_api.RestServicesTest" name="Rest service  should save record to pdf repository" time="0.732">
                                                 
                                               </testcase><testcase classname="edu.hcu.rest_api.RestServicesTest" name="Rest service  should update record of pdf" time="0.065">
                                                 
                                               </testcase><testcase classname="edu.hcu.rest_api.RestServicesTest" name="Rest service  should delete the record of given id" time="0.068">
                                                 
                                               </testcase><testcase classname="edu.hcu.rest_api.RestServicesTest" name="Rest service  should Get the content of given id's pdf" time="0.098">
                                                 
                                               </testcase><testcase classname="edu.hcu.rest_api.RestServicesTest" name="Rest service  should Get All The Pdfs" time="0.129">
                                                 <failure message="&quot;...ays be available in [all the] test cases&quot;,&quot;id&quot;:1}...&quot; did not equal &quot;...ays be available in [rest Services] test cases&quot;,&quot;id&quot;:1}...&quot;" type="org.scalatest.exceptions.TestFailedException">org.scalatest.exceptions.TestFailedException: &quot;...ays be available in [all the] test cases&quot;,&quot;id&quot;:1}...&quot; did not equal &quot;...ays be available in [rest Services] test cases&quot;,&quot;id&quot;:1}...&quot;
	at org.scalatest.MatchersHelper$.indicateFailure(MatchersHelper.scala:346)
	at org.scalatest.Matchers$AnyShouldWrapper.shouldEqual(Matchers.scala:6742)
	at edu.hcu.rest_api.RestServicesTest$$anonfun$1$$anonfun$apply$mcV$sp$5$$anonfun$apply$5.apply(RestServicesTest.scala:72)
	at edu.hcu.rest_api.RestServicesTest$$anonfun$1$$anonfun$apply$mcV$sp$5$$anonfun$apply$5.apply(RestServicesTest.scala:72)
	at scala.util.DynamicVariable.withValue(DynamicVariable.scala:58)
	at akka.http.scaladsl.testkit.RouteTest$$anonfun$check$1.apply(RouteTest.scala:57)
	at akka.http.scaladsl.testkit.RouteTest$$anonfun$check$1.apply(RouteTest.scala:57)
	at akka.http.scaladsl.testkit.RouteTestResultComponent$RouteTestResult.$tilde$greater(RouteTestResultComponent.scala:50)
	at edu.hcu.rest_api.RestServicesTest$$anonfun$1$$anonfun$apply$mcV$sp$5.apply(RestServicesTest.scala:71)
	at edu.hcu.rest_api.RestServicesTest$$anonfun$1$$anonfun$apply$mcV$sp$5.apply(RestServicesTest.scala:71)
	at org.scalatest.OutcomeOf$class.outcomeOf(OutcomeOf.scala:85)
	at org.scalatest.OutcomeOf$.outcomeOf(OutcomeOf.scala:104)
	at org.scalatest.Transformer.apply(Transformer.scala:22)
	at org.scalatest.Transformer.apply(Transformer.scala:20)
	at org.scalatest.WordSpecLike$$anon$1.apply(WordSpecLike.scala:1078)
	at org.scalatest.TestSuite$class.withFixture(TestSuite.scala:196)
	at org.scalatest.WordSpec.withFixture(WordSpec.scala:1881)
	at org.scalatest.WordSpecLike$class.invokeWithFixture$1(WordSpecLike.scala:1075)
	at org.scalatest.WordSpecLike$$anonfun$runTest$1.apply(WordSpecLike.scala:1088)
	at org.scalatest.WordSpecLike$$anonfun$runTest$1.apply(WordSpecLike.scala:1088)
	at org.scalatest.SuperEngine.runTestImpl(Engine.scala:289)
	at org.scalatest.WordSpecLike$class.runTest(WordSpecLike.scala:1088)
	at edu.hcu.rest_api.RestServicesTest.org$scalatest$BeforeAndAfter$$super$runTest(RestServicesTest.scala:14)
	at org.scalatest.BeforeAndAfter$class.runTest(BeforeAndAfter.scala:203)
	at edu.hcu.rest_api.RestServicesTest.runTest(RestServicesTest.scala:14)
	at org.scalatest.WordSpecLike$$anonfun$runTests$1.apply(WordSpecLike.scala:1147)
	at org.scalatest.WordSpecLike$$anonfun$runTests$1.apply(WordSpecLike.scala:1147)
	at org.scalatest.SuperEngine$$anonfun$traverseSubNodes$1$1.apply(Engine.scala:396)
	at org.scalatest.SuperEngine$$anonfun$traverseSubNodes$1$1.apply(Engine.scala:384)
	at scala.collection.immutable.List.foreach(List.scala:381)
	at org.scalatest.SuperEngine.traverseSubNodes$1(Engine.scala:384)
	at org.scalatest.SuperEngine.org$scalatest$SuperEngine$$runTestsInBranch(Engine.scala:373)
	at org.scalatest.SuperEngine$$anonfun$traverseSubNodes$1$1.apply(Engine.scala:410)
	at org.scalatest.SuperEngine$$anonfun$traverseSubNodes$1$1.apply(Engine.scala:384)
	at scala.collection.immutable.List.foreach(List.scala:381)
	at org.scalatest.SuperEngine.traverseSubNodes$1(Engine.scala:384)
	at org.scalatest.SuperEngine.org$scalatest$SuperEngine$$runTestsInBranch(Engine.scala:379)
	at org.scalatest.SuperEngine.runTestsImpl(Engine.scala:461)
	at org.scalatest.WordSpecLike$class.runTests(WordSpecLike.scala:1147)
	at org.scalatest.WordSpec.runTests(WordSpec.scala:1881)
	at org.scalatest.Suite$class.run(Suite.scala:1147)
	at org.scalatest.WordSpec.org$scalatest$WordSpecLike$$super$run(WordSpec.scala:1881)
	at org.scalatest.WordSpecLike$$anonfun$run$1.apply(WordSpecLike.scala:1192)
	at org.scalatest.WordSpecLike$$anonfun$run$1.apply(WordSpecLike.scala:1192)
	at org.scalatest.SuperEngine.runImpl(Engine.scala:521)
	at org.scalatest.WordSpecLike$class.run(WordSpecLike.scala:1192)
	at edu.hcu.rest_api.RestServicesTest.org$scalatest$BeforeAndAfterAll$$super$run(RestServicesTest.scala:14)
	at org.scalatest.BeforeAndAfterAll$class.liftedTree1$1(BeforeAndAfterAll.scala:213)
	at org.scalatest.BeforeAndAfterAll$class.run(BeforeAndAfterAll.scala:210)
	at edu.hcu.rest_api.RestServicesTest.org$scalatest$BeforeAndAfter$$super$run(RestServicesTest.scala:14)
	at org.scalatest.BeforeAndAfter$class.run(BeforeAndAfter.scala:258)
	at edu.hcu.rest_api.RestServicesTest.run(RestServicesTest.scala:14)
	at org.scalatest.tools.Framework.org$scalatest$tools$Framework$$runSuite(Framework.scala:314)
	at org.scalatest.tools.Framework$ScalaTestTask.execute(Framework.scala:480)
	at sbt.TestRunner.runTest$1(TestFramework.scala:113)
	at sbt.TestRunner.run(TestFramework.scala:124)
	at sbt.TestFramework$$anon$2$$anonfun$$lessinit$greater$1.$anonfun$apply$1(TestFramework.scala:282)
	at sbt.TestFramework$.sbt$TestFramework$$withContextLoader(TestFramework.scala:246)
	at sbt.TestFramework$$anon$2$$anonfun$$lessinit$greater$1.apply(TestFramework.scala:282)
	at sbt.TestFramework$$anon$2$$anonfun$$lessinit$greater$1.apply(TestFramework.scala:282)
	at sbt.TestFunction.apply(TestFramework.scala:294)
	at sbt.Tests$.$anonfun$toTask$1(Tests.scala:309)
	at sbt.std.Transform$$anon$3.$anonfun$apply$2(System.scala:46)
	at sbt.std.Transform$$anon$4.work(System.scala:67)
	at sbt.Execute.$anonfun$submit$2(Execute.scala:269)
	at sbt.internal.util.ErrorHandling$.wideConvert(ErrorHandling.scala:16)
	at sbt.Execute.work(Execute.scala:278)
	at sbt.Execute.$anonfun$submit$1(Execute.scala:269)
	at sbt.ConcurrentRestrictions$$anon$4.$anonfun$submitValid$1(ConcurrentRestrictions.scala:178)
	at sbt.CompletionService$$anon$2.call(CompletionService.scala:37)
	at java.util.concurrent.FutureTask.run(FutureTask.java:266)
	at java.util.concurrent.Executors$RunnableAdapter.call(Executors.java:511)
	at java.util.concurrent.FutureTask.run(FutureTask.java:266)
	at java.util.concurrent.ThreadPoolExecutor.runWorker(ThreadPoolExecutor.java:1149)
	at java.util.concurrent.ThreadPoolExecutor$Worker.run(ThreadPoolExecutor.java:624)
	at java.lang.Thread.run(Thread.java:748)
</failure>
                                               </testcase>
                     <system-out><![CDATA[]]></system-out>
                     <system-err><![CDATA[]]></system-err>
                   </testsuite>