[0m[[0m[0mdebug[0m] [0m[0mRunning TaskDef(edu.hcu.rest_api.PdfRepositoryTest, org.scalatest.tools.Framework$$anon$1@1a99a2f6, false, [SuiteSelector])[0m
[0m[[0m[0mdebug[0m] [0m[0mRunning TaskDef(edu.hcu.rest_api.RestServicesTest, org.scalatest.tools.Framework$$anon$1@1a99a2f6, false, [SuiteSelector])[0m
[0m[[0m[0minfo[0m] [0m[0m[36mRun completed in 4 seconds, 2 milliseconds.[0m[0m
[0m[[0m[0minfo[0m] [0m[0m[36mTotal number of tests run: 10[0m[0m
[0m[[0m[0minfo[0m] [0m[0m[36mSuites: completed 2, aborted 0[0m[0m
[0m[[0m[0minfo[0m] [0m[0m[36mTests: succeeded 7, failed 3, canceled 0, ignored 0, pending 0[0m[0m
[0m[[0m[0minfo[0m] [0m[0m[31m*** 3 TESTS FAILED ***[0m[0m
[0m[[0m[31merror[0m] [0m[0mFailed tests:[0m
[0m[[0m[31merror[0m] [0m[0m	edu.hcu.rest_api.PdfRepositoryTest[0m
[0m[[0m[31merror[0m] [0m[0m	edu.hcu.rest_api.RestServicesTest[0m
[0m[[0m[31merror[0m] [0m[0m(Test / [31mtest[0m) sbt.TestsFailedException: Tests unsuccessful[0m
